{"total": {"lines":{"total":81,"covered":75,"skipped":0,"pct":92.59},"statements":{"total":83,"covered":77,"skipped":0,"pct":92.77},"functions":{"total":17,"covered":14,"skipped":0,"pct":82.35},"branches":{"total":45,"covered":39,"skipped":0,"pct":86.66},"branchesTrue":{"total":0,"covered":0,"skipped":0,"pct":100}}
,"/mnt/ext2/code/prompts/github/forks/picamera.js/src/constants/index.ts": {"lines":{"total":1,"covered":1,"skipped":0,"pct":100},"functions":{"total":0,"covered":0,"skipped":0,"pct":100},"statements":{"total":1,"covered":1,"skipped":0,"pct":100},"branches":{"total":0,"covered":0,"skipped":0,"pct":100}}
,"/mnt/ext2/code/prompts/github/forks/picamera.js/src/signaling/signaling-client.ts": {"lines":{"total":7,"covered":4,"skipped":0,"pct":57.14},"functions":{"total":2,"covered":1,"skipped":0,"pct":50},"statements":{"total":7,"covered":4,"skipped":0,"pct":57.14},"branches":{"total":6,"covered":3,"skipped":0,"pct":50}}
,"/mnt/ext2/code/prompts/github/forks/picamera.js/src/signaling/websocket-client.ts": {"lines":{"total":73,"covered":70,"skipped":0,"pct":95.89},"functions":{"total":15,"covered":13,"skipped":0,"pct":86.66},"statements":{"total":75,"covered":72,"skipped":0,"pct":96},"branches":{"total":39,"covered":36,"skipped":0,"pct":92.3}}
}
